<?xml version="1.0" encoding="UTF-8"?>
<robot generator="Robot 3.2.1 (Python 3.8.2 on win32)" generated="20200618 16:59:18.270" rpa="false">
<suite id="s1" name="Menu Item Test" source="C:\Python\robot_demo\test_suites\menu_item_test.robot">
<test id="s1-t1" name="Successful Add MenuItem">
<kw name="Setup With Login" library="restaurant" type="setup">
<kw name="Basic Setup" library="utilities">
<kw name="Open Browser" library="SeleniumLibrary">
<doc>Opens a new browser instance to the optional ``url``.</doc>
<arguments>
<arg>browser=${browser}</arg>
<arg>alias=browser1</arg>
</arguments>
<msg timestamp="20200618 16:59:18.532" level="INFO">Opening browser 'chrome' to base url 'None'.</msg>
<status status="PASS" starttime="20200618 16:59:18.532" endtime="20200618 16:59:22.241"></status>
</kw>
<status status="PASS" starttime="20200618 16:59:18.531" endtime="20200618 16:59:22.241"></status>
</kw>
<kw name="Login" library="restaurant">
<kw name="Go To Page" library="utilities">
<arguments>
<arg>restaurant.login</arg>
</arguments>
<kw name="Split String" library="String">
<doc>Splits the ``string`` using ``separator`` as a delimiter string.</doc>
<arguments>
<arg>${page}</arg>
<arg>separator=.</arg>
</arguments>
<assign>
<var>@{words}</var>
</assign>
<msg timestamp="20200618 16:59:22.246" level="INFO">@{words} = [ restaurant | login ]</msg>
<status status="PASS" starttime="20200618 16:59:22.245" endtime="20200618 16:59:22.246"></status>
</kw>
<kw name="Strip String" library="String">
<doc>Remove leading and/or trailing whitespaces from the given string.</doc>
<arguments>
<arg>${${words}[0].host}</arg>
</arguments>
<assign>
<var>${host}</var>
</assign>
<msg timestamp="20200618 16:59:22.247" level="INFO">${host} = http://13.211.202.236:8000</msg>
<status status="PASS" starttime="20200618 16:59:22.246" endtime="20200618 16:59:22.248"></status>
</kw>
<kw name="Set Variable" library="BuiltIn">
<doc>Returns the given values which can then be assigned to a variables.</doc>
<arguments>
<arg>${${page}.page_url}</arg>
</arguments>
<assign>
<var>${url}</var>
</assign>
<msg timestamp="20200618 16:59:22.249" level="INFO">${url} = /login/</msg>
<status status="PASS" starttime="20200618 16:59:22.248" endtime="20200618 16:59:22.249"></status>
</kw>
<kw name="Go To" library="SeleniumLibrary">
<doc>Navigates the current browser window to the provided ``url``.</doc>
<arguments>
<arg>${host}${url}</arg>
</arguments>
<msg timestamp="20200618 16:59:22.250" level="INFO">Opening url 'http://13.211.202.236:8000/login/'</msg>
<status status="PASS" starttime="20200618 16:59:22.250" endtime="20200618 16:59:26.911"></status>
</kw>
<kw name="Wait Until Page Contains" library="SeleniumLibrary">
<doc>Waits until ``text`` appears on the current page.</doc>
<arguments>
<arg>${${page}.page_loaded_text}</arg>
</arguments>
<status status="PASS" starttime="20200618 16:59:26.912" endtime="20200618 16:59:26.938"></status>
</kw>
<status status="PASS" starttime="20200618 16:59:22.243" endtime="20200618 16:59:26.938"></status>
</kw>
<kw name="Fill Form" library="utilities">
<arguments>
<arg>${restaurant.login.login_form}</arg>
<arg>${restaurant.login.login_form.choices}</arg>
<arg>${username}</arg>
<arg>${password}</arg>
</arguments>
<kw name="Wait Until Element Is Visible" library="SeleniumLibrary">
<doc>Waits until the element ``locator`` is visible.</doc>
<arguments>
<arg>${form_fields}[-1]</arg>
</arguments>
<status status="PASS" starttime="20200618 16:59:26.940" endtime="20200618 16:59:26.969"></status>
</kw>
<kw name="Get Length" library="BuiltIn">
<doc>Returns and logs the length of the given item as an integer.</doc>
<arguments>
<arg>${form_fields}</arg>
</arguments>
<assign>
<var>${length}</var>
</assign>
<msg timestamp="20200618 16:59:26.969" level="INFO">Length is 2</msg>
<msg timestamp="20200618 16:59:26.970" level="INFO">${length} = 2</msg>
<status status="PASS" starttime="20200618 16:59:26.969" endtime="20200618 16:59:26.970"></status>
</kw>
<kw name="${INDEX} IN RANGE [ 0 | ${length} ]" type="for">
<kw name="${INDEX} = 0" type="foritem">
<kw name="Run Keyword If" library="BuiltIn">
<doc>Runs the given keyword with the given arguments, if ``condition`` is true.</doc>
<arguments>
<arg>'${form_fields_choice_types[${INDEX}]}' == 'single'</arg>
<arg>Input Text</arg>
<arg>${form_fields[${INDEX}]}</arg>
<arg>${args}[${INDEX}]</arg>
</arguments>
<kw name="Input Text" library="SeleniumLibrary">
<doc>Types the given ``text`` into the text field identified by ``locator``.</doc>
<arguments>
<arg>${form_fields[${INDEX}]}</arg>
<arg>${args}[${INDEX}]</arg>
</arguments>
<msg timestamp="20200618 16:59:26.971" level="INFO">Typing text 'admin' into text field 'id=id_username'.</msg>
<status status="PASS" starttime="20200618 16:59:26.970" endtime="20200618 16:59:27.044"></status>
</kw>
<status status="PASS" starttime="20200618 16:59:26.970" endtime="20200618 16:59:27.044"></status>
</kw>
<kw name="Run Keyword If" library="BuiltIn">
<doc>Runs the given keyword with the given arguments, if ``condition`` is true.</doc>
<arguments>
<arg>'${form_fields_choice_types[${INDEX}]}' == 'multiple'</arg>
<arg>Select Contents</arg>
<arg>${form_fields[${INDEX}]}</arg>
<arg>${args}[${INDEX}]</arg>
</arguments>
<status status="PASS" starttime="20200618 16:59:27.044" endtime="20200618 16:59:27.044"></status>
</kw>
<status status="PASS" starttime="20200618 16:59:26.970" endtime="20200618 16:59:27.044"></status>
</kw>
<kw name="${INDEX} = 1" type="foritem">
<kw name="Run Keyword If" library="BuiltIn">
<doc>Runs the given keyword with the given arguments, if ``condition`` is true.</doc>
<arguments>
<arg>'${form_fields_choice_types[${INDEX}]}' == 'single'</arg>
<arg>Input Text</arg>
<arg>${form_fields[${INDEX}]}</arg>
<arg>${args}[${INDEX}]</arg>
</arguments>
<kw name="Input Text" library="SeleniumLibrary">
<doc>Types the given ``text`` into the text field identified by ``locator``.</doc>
<arguments>
<arg>${form_fields[${INDEX}]}</arg>
<arg>${args}[${INDEX}]</arg>
</arguments>
<msg timestamp="20200618 16:59:27.046" level="INFO">Typing text 'admin' into text field 'id=id_password'.</msg>
<status status="PASS" starttime="20200618 16:59:27.045" endtime="20200618 16:59:27.124"></status>
</kw>
<status status="PASS" starttime="20200618 16:59:27.045" endtime="20200618 16:59:27.124"></status>
</kw>
<kw name="Run Keyword If" library="BuiltIn">
<doc>Runs the given keyword with the given arguments, if ``condition`` is true.</doc>
<arguments>
<arg>'${form_fields_choice_types[${INDEX}]}' == 'multiple'</arg>
<arg>Select Contents</arg>
<arg>${form_fields[${INDEX}]}</arg>
<arg>${args}[${INDEX}]</arg>
</arguments>
<status status="PASS" starttime="20200618 16:59:27.125" endtime="20200618 16:59:27.125"></status>
</kw>
<status status="PASS" starttime="20200618 16:59:27.044" endtime="20200618 16:59:27.125"></status>
</kw>
<status status="PASS" starttime="20200618 16:59:26.970" endtime="20200618 16:59:27.125"></status>
</kw>
<status status="PASS" starttime="20200618 16:59:26.939" endtime="20200618 16:59:27.125"></status>
</kw>
<kw name="Click Element" library="SeleniumLibrary">
<doc>Click the element identified by ``locator``.</doc>
<arguments>
<arg>${restaurant.login.login_2}</arg>
</arguments>
<msg timestamp="20200618 16:59:27.126" level="INFO">Clicking element 'css=button.btn.btn-outline-info'.</msg>
<status status="PASS" starttime="20200618 16:59:27.125" endtime="20200618 16:59:27.544"></status>
</kw>
<status status="PASS" starttime="20200618 16:59:22.242" endtime="20200618 16:59:27.544"></status>
</kw>
<status status="PASS" starttime="20200618 16:59:18.531" endtime="20200618 16:59:27.544"></status>
</kw>
<kw name="Add Menu Item" library="restaurant">
<kw name="Click Element" library="SeleniumLibrary">
<doc>Click the element identified by ``locator``.</doc>
<arguments>
<arg>${restaurant.login.menu_items}</arg>
</arguments>
<msg timestamp="20200618 16:59:27.546" level="INFO">Clicking element 'css=a[href='/menuitems/']'.</msg>
<status status="PASS" starttime="20200618 16:59:27.545" endtime="20200618 16:59:27.718"></status>
</kw>
<kw name="Click Element" library="SeleniumLibrary">
<doc>Click the element identified by ``locator``.</doc>
<arguments>
<arg>${restaurant.menu_items.add_menuitem}</arg>
</arguments>
<msg timestamp="20200618 16:59:27.719" level="INFO">Clicking element 'css=a.nav-bar.nav'.</msg>
<status status="PASS" starttime="20200618 16:59:27.718" endtime="20200618 16:59:27.943"></status>
</kw>
<kw name="Fill Form" library="utilities">
<arguments>
<arg>${restaurant.add_menu_item.form}</arg>
<arg>${restaurant.add_menu_item.form.choices}</arg>
<arg>${name}</arg>
<arg>${price}</arg>
<arg>${ingredients}</arg>
</arguments>
<kw name="Wait Until Element Is Visible" library="SeleniumLibrary">
<doc>Waits until the element ``locator`` is visible.</doc>
<arguments>
<arg>${form_fields}[-1]</arg>
</arguments>
<status status="PASS" starttime="20200618 16:59:27.944" endtime="20200618 16:59:27.971"></status>
</kw>
<kw name="Get Length" library="BuiltIn">
<doc>Returns and logs the length of the given item as an integer.</doc>
<arguments>
<arg>${form_fields}</arg>
</arguments>
<assign>
<var>${length}</var>
</assign>
<msg timestamp="20200618 16:59:27.971" level="INFO">Length is 3</msg>
<msg timestamp="20200618 16:59:27.971" level="INFO">${length} = 3</msg>
<status status="PASS" starttime="20200618 16:59:27.971" endtime="20200618 16:59:27.971"></status>
</kw>
<kw name="${INDEX} IN RANGE [ 0 | ${length} ]" type="for">
<kw name="${INDEX} = 0" type="foritem">
<kw name="Run Keyword If" library="BuiltIn">
<doc>Runs the given keyword with the given arguments, if ``condition`` is true.</doc>
<arguments>
<arg>'${form_fields_choice_types[${INDEX}]}' == 'single'</arg>
<arg>Input Text</arg>
<arg>${form_fields[${INDEX}]}</arg>
<arg>${args}[${INDEX}]</arg>
</arguments>
<kw name="Input Text" library="SeleniumLibrary">
<doc>Types the given ``text`` into the text field identified by ``locator``.</doc>
<arguments>
<arg>${form_fields[${INDEX}]}</arg>
<arg>${args}[${INDEX}]</arg>
</arguments>
<msg timestamp="20200618 16:59:27.973" level="INFO">Typing text 'ryma's adobo' into text field 'id=id_name'.</msg>
<status status="PASS" starttime="20200618 16:59:27.972" endtime="20200618 16:59:28.124"></status>
</kw>
<status status="PASS" starttime="20200618 16:59:27.972" endtime="20200618 16:59:28.124"></status>
</kw>
<kw name="Run Keyword If" library="BuiltIn">
<doc>Runs the given keyword with the given arguments, if ``condition`` is true.</doc>
<arguments>
<arg>'${form_fields_choice_types[${INDEX}]}' == 'multiple'</arg>
<arg>Select Contents</arg>
<arg>${form_fields[${INDEX}]}</arg>
<arg>${args}[${INDEX}]</arg>
</arguments>
<status status="PASS" starttime="20200618 16:59:28.124" endtime="20200618 16:59:28.124"></status>
</kw>
<status status="PASS" starttime="20200618 16:59:27.972" endtime="20200618 16:59:28.125"></status>
</kw>
<kw name="${INDEX} = 1" type="foritem">
<kw name="Run Keyword If" library="BuiltIn">
<doc>Runs the given keyword with the given arguments, if ``condition`` is true.</doc>
<arguments>
<arg>'${form_fields_choice_types[${INDEX}]}' == 'single'</arg>
<arg>Input Text</arg>
<arg>${form_fields[${INDEX}]}</arg>
<arg>${args}[${INDEX}]</arg>
</arguments>
<kw name="Input Text" library="SeleniumLibrary">
<doc>Types the given ``text`` into the text field identified by ``locator``.</doc>
<arguments>
<arg>${form_fields[${INDEX}]}</arg>
<arg>${args}[${INDEX}]</arg>
</arguments>
<msg timestamp="20200618 16:59:28.126" level="INFO">Typing text '12.0' into text field 'id=id_price'.</msg>
<status status="PASS" starttime="20200618 16:59:28.125" endtime="20200618 16:59:28.203"></status>
</kw>
<status status="PASS" starttime="20200618 16:59:28.125" endtime="20200618 16:59:28.203"></status>
</kw>
<kw name="Run Keyword If" library="BuiltIn">
<doc>Runs the given keyword with the given arguments, if ``condition`` is true.</doc>
<arguments>
<arg>'${form_fields_choice_types[${INDEX}]}' == 'multiple'</arg>
<arg>Select Contents</arg>
<arg>${form_fields[${INDEX}]}</arg>
<arg>${args}[${INDEX}]</arg>
</arguments>
<status status="PASS" starttime="20200618 16:59:28.204" endtime="20200618 16:59:28.204"></status>
</kw>
<status status="PASS" starttime="20200618 16:59:28.125" endtime="20200618 16:59:28.204"></status>
</kw>
<kw name="${INDEX} = 2" type="foritem">
<kw name="Run Keyword If" library="BuiltIn">
<doc>Runs the given keyword with the given arguments, if ``condition`` is true.</doc>
<arguments>
<arg>'${form_fields_choice_types[${INDEX}]}' == 'single'</arg>
<arg>Input Text</arg>
<arg>${form_fields[${INDEX}]}</arg>
<arg>${args}[${INDEX}]</arg>
</arguments>
<status status="PASS" starttime="20200618 16:59:28.204" endtime="20200618 16:59:28.205"></status>
</kw>
<kw name="Run Keyword If" library="BuiltIn">
<doc>Runs the given keyword with the given arguments, if ``condition`` is true.</doc>
<arguments>
<arg>'${form_fields_choice_types[${INDEX}]}' == 'multiple'</arg>
<arg>Select Contents</arg>
<arg>${form_fields[${INDEX}]}</arg>
<arg>${args}[${INDEX}]</arg>
</arguments>
<kw name="Select Contents" library="utilities">
<arguments>
<arg>${form_fields[${INDEX}]}</arg>
<arg>${args}[${INDEX}]</arg>
</arguments>
<kw name="Select From List By Label" library="SeleniumLibrary">
<doc>Selects options from selection list ``locator`` by ``labels``.</doc>
<arguments>
<arg>${locator}</arg>
<arg>@{labels}</arg>
</arguments>
<msg timestamp="20200618 16:59:28.206" level="INFO">Selecting options from selection list 'id=id_ingredients' by labels lychee 1.0 kg, green peas 0.3 kg.</msg>
<status status="PASS" starttime="20200618 16:59:28.206" endtime="20200618 16:59:28.309"></status>
</kw>
<status status="PASS" starttime="20200618 16:59:28.205" endtime="20200618 16:59:28.309"></status>
</kw>
<status status="PASS" starttime="20200618 16:59:28.205" endtime="20200618 16:59:28.309"></status>
</kw>
<status status="PASS" starttime="20200618 16:59:28.204" endtime="20200618 16:59:28.309"></status>
</kw>
<status status="PASS" starttime="20200618 16:59:27.972" endtime="20200618 16:59:28.309"></status>
</kw>
<status status="PASS" starttime="20200618 16:59:27.943" endtime="20200618 16:59:28.309"></status>
</kw>
<kw name="Click Element" library="SeleniumLibrary">
<doc>Click the element identified by ``locator``.</doc>
<arguments>
<arg>${restaurant.add_menu_item.add}</arg>
</arguments>
<msg timestamp="20200618 16:59:28.309" level="INFO">Clicking element 'css=button.btn.btn-outline-info'.</msg>
<status status="PASS" starttime="20200618 16:59:28.309" endtime="20200618 16:59:28.695"></status>
</kw>
<status status="PASS" starttime="20200618 16:59:27.545" endtime="20200618 16:59:28.695"></status>
</kw>
<kw name="Page Should Contain Texts" library="utilities">
<arguments>
<arg>${restaurant.menu_item.name}</arg>
<arg>${restaurant.menu_item.price}</arg>
<arg>@{restaurant.menu_item.ingredients}</arg>
<arg>${restaurant.menu_item.default_status}</arg>
</arguments>
<kw name="${ELEMENT} IN [ @{args} ]" type="for">
<kw name="${ELEMENT} = ryma's adobo" type="foritem">
<kw name="Page Should Contain" library="SeleniumLibrary">
<doc>Verifies that current page contains ``text``.</doc>
<arguments>
<arg>${ELEMENT}</arg>
</arguments>
<msg timestamp="20200618 16:59:28.713" level="INFO">Current page contains text 'ryma's adobo'.</msg>
<status status="PASS" starttime="20200618 16:59:28.697" endtime="20200618 16:59:28.713"></status>
</kw>
<status status="PASS" starttime="20200618 16:59:28.697" endtime="20200618 16:59:28.713"></status>
</kw>
<kw name="${ELEMENT} = 12.0" type="foritem">
<kw name="Page Should Contain" library="SeleniumLibrary">
<doc>Verifies that current page contains ``text``.</doc>
<arguments>
<arg>${ELEMENT}</arg>
</arguments>
<msg timestamp="20200618 16:59:28.727" level="INFO">Current page contains text '12.0'.</msg>
<status status="PASS" starttime="20200618 16:59:28.713" endtime="20200618 16:59:28.727"></status>
</kw>
<status status="PASS" starttime="20200618 16:59:28.713" endtime="20200618 16:59:28.727"></status>
</kw>
<kw name="${ELEMENT} = lychee 1.0 kg" type="foritem">
<kw name="Page Should Contain" library="SeleniumLibrary">
<doc>Verifies that current page contains ``text``.</doc>
<arguments>
<arg>${ELEMENT}</arg>
</arguments>
<msg timestamp="20200618 16:59:28.742" level="INFO">Current page contains text 'lychee 1.0 kg'.</msg>
<status status="PASS" starttime="20200618 16:59:28.727" endtime="20200618 16:59:28.742"></status>
</kw>
<status status="PASS" starttime="20200618 16:59:28.727" endtime="20200618 16:59:28.742"></status>
</kw>
<kw name="${ELEMENT} = green peas 0.3 kg" type="foritem">
<kw name="Page Should Contain" library="SeleniumLibrary">
<doc>Verifies that current page contains ``text``.</doc>
<arguments>
<arg>${ELEMENT}</arg>
</arguments>
<msg timestamp="20200618 16:59:28.772" level="INFO">Current page contains text 'green peas 0.3 kg'.</msg>
<status status="PASS" starttime="20200618 16:59:28.742" endtime="20200618 16:59:28.773"></status>
</kw>
<status status="PASS" starttime="20200618 16:59:28.742" endtime="20200618 16:59:28.773"></status>
</kw>
<kw name="${ELEMENT} = disabled" type="foritem">
<kw name="Page Should Contain" library="SeleniumLibrary">
<doc>Verifies that current page contains ``text``.</doc>
<arguments>
<arg>${ELEMENT}</arg>
</arguments>
<msg timestamp="20200618 16:59:28.789" level="INFO">Current page contains text 'disabled'.</msg>
<status status="PASS" starttime="20200618 16:59:28.773" endtime="20200618 16:59:28.789"></status>
</kw>
<status status="PASS" starttime="20200618 16:59:28.773" endtime="20200618 16:59:28.789"></status>
</kw>
<status status="PASS" starttime="20200618 16:59:28.696" endtime="20200618 16:59:28.789"></status>
</kw>
<status status="PASS" starttime="20200618 16:59:28.696" endtime="20200618 16:59:28.789"></status>
</kw>
<kw name="Delete Menu Item" library="restaurant">
<kw name="Click Element" library="SeleniumLibrary">
<doc>Click the element identified by ``locator``.</doc>
<arguments>
<arg>${restaurant.login.menu_items}</arg>
</arguments>
<msg timestamp="20200618 16:59:28.790" level="INFO">Clicking element 'css=a[href='/menuitems/']'.</msg>
<status status="PASS" starttime="20200618 16:59:28.790" endtime="20200618 16:59:29.504"></status>
</kw>
<kw name="Wait Until Element Is Visible" library="SeleniumLibrary">
<doc>Waits until the element ``locator`` is visible.</doc>
<arguments>
<arg>partial link:${menu_item}</arg>
</arguments>
<status status="PASS" starttime="20200618 16:59:29.504" endtime="20200618 16:59:29.531"></status>
</kw>
<kw name="Click Element" library="SeleniumLibrary">
<doc>Click the element identified by ``locator``.</doc>
<arguments>
<arg>partial link:${menu_item}</arg>
</arguments>
<msg timestamp="20200618 16:59:29.532" level="INFO">Clicking element 'partial link:ryma's adobo'.</msg>
<status status="PASS" starttime="20200618 16:59:29.532" endtime="20200618 16:59:29.696"></status>
</kw>
<kw name="Click Element" library="SeleniumLibrary">
<doc>Click the element identified by ``locator``.</doc>
<arguments>
<arg>${restaurant.menu_item_detail.delete}</arg>
</arguments>
<msg timestamp="20200618 16:59:29.697" level="INFO">Clicking element 'css=a.btn.btn-danger'.</msg>
<status status="PASS" starttime="20200618 16:59:29.696" endtime="20200618 16:59:29.872"></status>
</kw>
<kw name="Click Element" library="SeleniumLibrary">
<doc>Click the element identified by ``locator``.</doc>
<arguments>
<arg>${restaurant.confirm_delete.yes}</arg>
</arguments>
<msg timestamp="20200618 16:59:29.873" level="INFO">Clicking element 'css=button.btn.btn-outline-danger'.</msg>
<status status="PASS" starttime="20200618 16:59:29.873" endtime="20200618 16:59:30.182"></status>
</kw>
<status status="PASS" starttime="20200618 16:59:28.790" endtime="20200618 16:59:30.182"></status>
</kw>
<kw name="Basic Teardown" library="utilities" type="teardown">
<kw name="Close Browser" library="SeleniumLibrary">
<doc>Closes the current browser.</doc>
<status status="PASS" starttime="20200618 16:59:30.185" endtime="20200618 16:59:32.275"></status>
</kw>
<status status="PASS" starttime="20200618 16:59:30.184" endtime="20200618 16:59:32.275"></status>
</kw>
<status status="PASS" starttime="20200618 16:59:18.530" endtime="20200618 16:59:32.277" critical="yes"></status>
</test>
<test id="s1-t2" name="Unsuccessful Duplicate Add MenuItem">
<kw name="Setup With Login" library="restaurant" type="setup">
<kw name="Basic Setup" library="utilities">
<kw name="Open Browser" library="SeleniumLibrary">
<doc>Opens a new browser instance to the optional ``url``.</doc>
<arguments>
<arg>browser=${browser}</arg>
<arg>alias=browser1</arg>
</arguments>
<msg timestamp="20200618 16:59:32.289" level="INFO">Opening browser 'chrome' to base url 'None'.</msg>
<status status="PASS" starttime="20200618 16:59:32.287" endtime="20200618 16:59:35.493"></status>
</kw>
<status status="PASS" starttime="20200618 16:59:32.286" endtime="20200618 16:59:35.493"></status>
</kw>
<kw name="Login" library="restaurant">
<kw name="Go To Page" library="utilities">
<arguments>
<arg>restaurant.login</arg>
</arguments>
<kw name="Split String" library="String">
<doc>Splits the ``string`` using ``separator`` as a delimiter string.</doc>
<arguments>
<arg>${page}</arg>
<arg>separator=.</arg>
</arguments>
<assign>
<var>@{words}</var>
</assign>
<msg timestamp="20200618 16:59:35.495" level="INFO">@{words} = [ restaurant | login ]</msg>
<status status="PASS" starttime="20200618 16:59:35.495" endtime="20200618 16:59:35.496"></status>
</kw>
<kw name="Strip String" library="String">
<doc>Remove leading and/or trailing whitespaces from the given string.</doc>
<arguments>
<arg>${${words}[0].host}</arg>
</arguments>
<assign>
<var>${host}</var>
</assign>
<msg timestamp="20200618 16:59:35.496" level="INFO">${host} = http://13.211.202.236:8000</msg>
<status status="PASS" starttime="20200618 16:59:35.496" endtime="20200618 16:59:35.497"></status>
</kw>
<kw name="Set Variable" library="BuiltIn">
<doc>Returns the given values which can then be assigned to a variables.</doc>
<arguments>
<arg>${${page}.page_url}</arg>
</arguments>
<assign>
<var>${url}</var>
</assign>
<msg timestamp="20200618 16:59:35.497" level="INFO">${url} = /login/</msg>
<status status="PASS" starttime="20200618 16:59:35.497" endtime="20200618 16:59:35.497"></status>
</kw>
<kw name="Go To" library="SeleniumLibrary">
<doc>Navigates the current browser window to the provided ``url``.</doc>
<arguments>
<arg>${host}${url}</arg>
</arguments>
<msg timestamp="20200618 16:59:35.498" level="INFO">Opening url 'http://13.211.202.236:8000/login/'</msg>
<status status="PASS" starttime="20200618 16:59:35.498" endtime="20200618 16:59:36.677"></status>
</kw>
<kw name="Wait Until Page Contains" library="SeleniumLibrary">
<doc>Waits until ``text`` appears on the current page.</doc>
<arguments>
<arg>${${page}.page_loaded_text}</arg>
</arguments>
<status status="PASS" starttime="20200618 16:59:36.677" endtime="20200618 16:59:36.690"></status>
</kw>
<status status="PASS" starttime="20200618 16:59:35.494" endtime="20200618 16:59:36.690"></status>
</kw>
<kw name="Fill Form" library="utilities">
<arguments>
<arg>${restaurant.login.login_form}</arg>
<arg>${restaurant.login.login_form.choices}</arg>
<arg>${username}</arg>
<arg>${password}</arg>
</arguments>
<kw name="Wait Until Element Is Visible" library="SeleniumLibrary">
<doc>Waits until the element ``locator`` is visible.</doc>
<arguments>
<arg>${form_fields}[-1]</arg>
</arguments>
<status status="PASS" starttime="20200618 16:59:36.691" endtime="20200618 16:59:36.715"></status>
</kw>
<kw name="Get Length" library="BuiltIn">
<doc>Returns and logs the length of the given item as an integer.</doc>
<arguments>
<arg>${form_fields}</arg>
</arguments>
<assign>
<var>${length}</var>
</assign>
<msg timestamp="20200618 16:59:36.715" level="INFO">Length is 2</msg>
<msg timestamp="20200618 16:59:36.715" level="INFO">${length} = 2</msg>
<status status="PASS" starttime="20200618 16:59:36.715" endtime="20200618 16:59:36.715"></status>
</kw>
<kw name="${INDEX} IN RANGE [ 0 | ${length} ]" type="for">
<kw name="${INDEX} = 0" type="foritem">
<kw name="Run Keyword If" library="BuiltIn">
<doc>Runs the given keyword with the given arguments, if ``condition`` is true.</doc>
<arguments>
<arg>'${form_fields_choice_types[${INDEX}]}' == 'single'</arg>
<arg>Input Text</arg>
<arg>${form_fields[${INDEX}]}</arg>
<arg>${args}[${INDEX}]</arg>
</arguments>
<kw name="Input Text" library="SeleniumLibrary">
<doc>Types the given ``text`` into the text field identified by ``locator``.</doc>
<arguments>
<arg>${form_fields[${INDEX}]}</arg>
<arg>${args}[${INDEX}]</arg>
</arguments>
<msg timestamp="20200618 16:59:36.717" level="INFO">Typing text 'admin' into text field 'id=id_username'.</msg>
<status status="PASS" starttime="20200618 16:59:36.716" endtime="20200618 16:59:36.797"></status>
</kw>
<status status="PASS" starttime="20200618 16:59:36.716" endtime="20200618 16:59:36.797"></status>
</kw>
<kw name="Run Keyword If" library="BuiltIn">
<doc>Runs the given keyword with the given arguments, if ``condition`` is true.</doc>
<arguments>
<arg>'${form_fields_choice_types[${INDEX}]}' == 'multiple'</arg>
<arg>Select Contents</arg>
<arg>${form_fields[${INDEX}]}</arg>
<arg>${args}[${INDEX}]</arg>
</arguments>
<status status="PASS" starttime="20200618 16:59:36.797" endtime="20200618 16:59:36.797"></status>
</kw>
<status status="PASS" starttime="20200618 16:59:36.716" endtime="20200618 16:59:36.797"></status>
</kw>
<kw name="${INDEX} = 1" type="foritem">
<kw name="Run Keyword If" library="BuiltIn">
<doc>Runs the given keyword with the given arguments, if ``condition`` is true.</doc>
<arguments>
<arg>'${form_fields_choice_types[${INDEX}]}' == 'single'</arg>
<arg>Input Text</arg>
<arg>${form_fields[${INDEX}]}</arg>
<arg>${args}[${INDEX}]</arg>
</arguments>
<kw name="Input Text" library="SeleniumLibrary">
<doc>Types the given ``text`` into the text field identified by ``locator``.</doc>
<arguments>
<arg>${form_fields[${INDEX}]}</arg>
<arg>${args}[${INDEX}]</arg>
</arguments>
<msg timestamp="20200618 16:59:36.798" level="INFO">Typing text 'admin' into text field 'id=id_password'.</msg>
<status status="PASS" starttime="20200618 16:59:36.798" endtime="20200618 16:59:36.876"></status>
</kw>
<status status="PASS" starttime="20200618 16:59:36.797" endtime="20200618 16:59:36.876"></status>
</kw>
<kw name="Run Keyword If" library="BuiltIn">
<doc>Runs the given keyword with the given arguments, if ``condition`` is true.</doc>
<arguments>
<arg>'${form_fields_choice_types[${INDEX}]}' == 'multiple'</arg>
<arg>Select Contents</arg>
<arg>${form_fields[${INDEX}]}</arg>
<arg>${args}[${INDEX}]</arg>
</arguments>
<status status="PASS" starttime="20200618 16:59:36.876" endtime="20200618 16:59:36.877"></status>
</kw>
<status status="PASS" starttime="20200618 16:59:36.797" endtime="20200618 16:59:36.877"></status>
</kw>
<status status="PASS" starttime="20200618 16:59:36.716" endtime="20200618 16:59:36.877"></status>
</kw>
<status status="PASS" starttime="20200618 16:59:36.691" endtime="20200618 16:59:36.877"></status>
</kw>
<kw name="Click Element" library="SeleniumLibrary">
<doc>Click the element identified by ``locator``.</doc>
<arguments>
<arg>${restaurant.login.login_2}</arg>
</arguments>
<msg timestamp="20200618 16:59:36.877" level="INFO">Clicking element 'css=button.btn.btn-outline-info'.</msg>
<status status="PASS" starttime="20200618 16:59:36.877" endtime="20200618 16:59:37.278"></status>
</kw>
<status status="PASS" starttime="20200618 16:59:35.493" endtime="20200618 16:59:37.278"></status>
</kw>
<status status="PASS" starttime="20200618 16:59:32.285" endtime="20200618 16:59:37.278"></status>
</kw>
<kw name="Add Menu Item" library="restaurant">
<kw name="Click Element" library="SeleniumLibrary">
<doc>Click the element identified by ``locator``.</doc>
<arguments>
<arg>${restaurant.login.menu_items}</arg>
</arguments>
<msg timestamp="20200618 16:59:37.279" level="INFO">Clicking element 'css=a[href='/menuitems/']'.</msg>
<status status="PASS" starttime="20200618 16:59:37.279" endtime="20200618 16:59:37.455"></status>
</kw>
<kw name="Click Element" library="SeleniumLibrary">
<doc>Click the element identified by ``locator``.</doc>
<arguments>
<arg>${restaurant.menu_items.add_menuitem}</arg>
</arguments>
<msg timestamp="20200618 16:59:37.456" level="INFO">Clicking element 'css=a.nav-bar.nav'.</msg>
<status status="PASS" starttime="20200618 16:59:37.455" endtime="20200618 16:59:37.672"></status>
</kw>
<kw name="Fill Form" library="utilities">
<arguments>
<arg>${restaurant.add_menu_item.form}</arg>
<arg>${restaurant.add_menu_item.form.choices}</arg>
<arg>${name}</arg>
<arg>${price}</arg>
<arg>${ingredients}</arg>
</arguments>
<kw name="Wait Until Element Is Visible" library="SeleniumLibrary">
<doc>Waits until the element ``locator`` is visible.</doc>
<arguments>
<arg>${form_fields}[-1]</arg>
</arguments>
<status status="PASS" starttime="20200618 16:59:37.673" endtime="20200618 16:59:37.700"></status>
</kw>
<kw name="Get Length" library="BuiltIn">
<doc>Returns and logs the length of the given item as an integer.</doc>
<arguments>
<arg>${form_fields}</arg>
</arguments>
<assign>
<var>${length}</var>
</assign>
<msg timestamp="20200618 16:59:37.701" level="INFO">Length is 3</msg>
<msg timestamp="20200618 16:59:37.701" level="INFO">${length} = 3</msg>
<status status="PASS" starttime="20200618 16:59:37.700" endtime="20200618 16:59:37.701"></status>
</kw>
<kw name="${INDEX} IN RANGE [ 0 | ${length} ]" type="for">
<kw name="${INDEX} = 0" type="foritem">
<kw name="Run Keyword If" library="BuiltIn">
<doc>Runs the given keyword with the given arguments, if ``condition`` is true.</doc>
<arguments>
<arg>'${form_fields_choice_types[${INDEX}]}' == 'single'</arg>
<arg>Input Text</arg>
<arg>${form_fields[${INDEX}]}</arg>
<arg>${args}[${INDEX}]</arg>
</arguments>
<kw name="Input Text" library="SeleniumLibrary">
<doc>Types the given ``text`` into the text field identified by ``locator``.</doc>
<arguments>
<arg>${form_fields[${INDEX}]}</arg>
<arg>${args}[${INDEX}]</arg>
</arguments>
<msg timestamp="20200618 16:59:37.702" level="INFO">Typing text 'ryma's adobo' into text field 'id=id_name'.</msg>
<status status="PASS" starttime="20200618 16:59:37.702" endtime="20200618 16:59:37.819"></status>
</kw>
<status status="PASS" starttime="20200618 16:59:37.701" endtime="20200618 16:59:37.819"></status>
</kw>
<kw name="Run Keyword If" library="BuiltIn">
<doc>Runs the given keyword with the given arguments, if ``condition`` is true.</doc>
<arguments>
<arg>'${form_fields_choice_types[${INDEX}]}' == 'multiple'</arg>
<arg>Select Contents</arg>
<arg>${form_fields[${INDEX}]}</arg>
<arg>${args}[${INDEX}]</arg>
</arguments>
<status status="PASS" starttime="20200618 16:59:37.819" endtime="20200618 16:59:37.820"></status>
</kw>
<status status="PASS" starttime="20200618 16:59:37.701" endtime="20200618 16:59:37.820"></status>
</kw>
<kw name="${INDEX} = 1" type="foritem">
<kw name="Run Keyword If" library="BuiltIn">
<doc>Runs the given keyword with the given arguments, if ``condition`` is true.</doc>
<arguments>
<arg>'${form_fields_choice_types[${INDEX}]}' == 'single'</arg>
<arg>Input Text</arg>
<arg>${form_fields[${INDEX}]}</arg>
<arg>${args}[${INDEX}]</arg>
</arguments>
<kw name="Input Text" library="SeleniumLibrary">
<doc>Types the given ``text`` into the text field identified by ``locator``.</doc>
<arguments>
<arg>${form_fields[${INDEX}]}</arg>
<arg>${args}[${INDEX}]</arg>
</arguments>
<msg timestamp="20200618 16:59:37.822" level="INFO">Typing text '12.0' into text field 'id=id_price'.</msg>
<status status="PASS" starttime="20200618 16:59:37.821" endtime="20200618 16:59:37.910"></status>
</kw>
<status status="PASS" starttime="20200618 16:59:37.820" endtime="20200618 16:59:37.911"></status>
</kw>
<kw name="Run Keyword If" library="BuiltIn">
<doc>Runs the given keyword with the given arguments, if ``condition`` is true.</doc>
<arguments>
<arg>'${form_fields_choice_types[${INDEX}]}' == 'multiple'</arg>
<arg>Select Contents</arg>
<arg>${form_fields[${INDEX}]}</arg>
<arg>${args}[${INDEX}]</arg>
</arguments>
<status status="PASS" starttime="20200618 16:59:37.911" endtime="20200618 16:59:37.911"></status>
</kw>
<status status="PASS" starttime="20200618 16:59:37.820" endtime="20200618 16:59:37.911"></status>
</kw>
<kw name="${INDEX} = 2" type="foritem">
<kw name="Run Keyword If" library="BuiltIn">
<doc>Runs the given keyword with the given arguments, if ``condition`` is true.</doc>
<arguments>
<arg>'${form_fields_choice_types[${INDEX}]}' == 'single'</arg>
<arg>Input Text</arg>
<arg>${form_fields[${INDEX}]}</arg>
<arg>${args}[${INDEX}]</arg>
</arguments>
<status status="PASS" starttime="20200618 16:59:37.912" endtime="20200618 16:59:37.912"></status>
</kw>
<kw name="Run Keyword If" library="BuiltIn">
<doc>Runs the given keyword with the given arguments, if ``condition`` is true.</doc>
<arguments>
<arg>'${form_fields_choice_types[${INDEX}]}' == 'multiple'</arg>
<arg>Select Contents</arg>
<arg>${form_fields[${INDEX}]}</arg>
<arg>${args}[${INDEX}]</arg>
</arguments>
<kw name="Select Contents" library="utilities">
<arguments>
<arg>${form_fields[${INDEX}]}</arg>
<arg>${args}[${INDEX}]</arg>
</arguments>
<kw name="Select From List By Label" library="SeleniumLibrary">
<doc>Selects options from selection list ``locator`` by ``labels``.</doc>
<arguments>
<arg>${locator}</arg>
<arg>@{labels}</arg>
</arguments>
<msg timestamp="20200618 16:59:37.913" level="INFO">Selecting options from selection list 'id=id_ingredients' by labels lychee 1.0 kg, green peas 0.3 kg.</msg>
<status status="PASS" starttime="20200618 16:59:37.913" endtime="20200618 16:59:38.011"></status>
</kw>
<status status="PASS" starttime="20200618 16:59:37.912" endtime="20200618 16:59:38.011"></status>
</kw>
<status status="PASS" starttime="20200618 16:59:37.912" endtime="20200618 16:59:38.011"></status>
</kw>
<status status="PASS" starttime="20200618 16:59:37.911" endtime="20200618 16:59:38.011"></status>
</kw>
<status status="PASS" starttime="20200618 16:59:37.701" endtime="20200618 16:59:38.011"></status>
</kw>
<status status="PASS" starttime="20200618 16:59:37.673" endtime="20200618 16:59:38.012"></status>
</kw>
<kw name="Click Element" library="SeleniumLibrary">
<doc>Click the element identified by ``locator``.</doc>
<arguments>
<arg>${restaurant.add_menu_item.add}</arg>
</arguments>
<msg timestamp="20200618 16:59:38.012" level="INFO">Clicking element 'css=button.btn.btn-outline-info'.</msg>
<status status="PASS" starttime="20200618 16:59:38.012" endtime="20200618 16:59:38.279"></status>
</kw>
<status status="PASS" starttime="20200618 16:59:37.279" endtime="20200618 16:59:38.280"></status>
</kw>
<kw name="Add Menu Item" library="restaurant">
<kw name="Click Element" library="SeleniumLibrary">
<doc>Click the element identified by ``locator``.</doc>
<arguments>
<arg>${restaurant.login.menu_items}</arg>
</arguments>
<msg timestamp="20200618 16:59:38.282" level="INFO">Clicking element 'css=a[href='/menuitems/']'.</msg>
<status status="PASS" starttime="20200618 16:59:38.282" endtime="20200618 16:59:38.454"></status>
</kw>
<kw name="Click Element" library="SeleniumLibrary">
<doc>Click the element identified by ``locator``.</doc>
<arguments>
<arg>${restaurant.menu_items.add_menuitem}</arg>
</arguments>
<msg timestamp="20200618 16:59:38.454" level="INFO">Clicking element 'css=a.nav-bar.nav'.</msg>
<status status="PASS" starttime="20200618 16:59:38.454" endtime="20200618 16:59:38.771"></status>
</kw>
<kw name="Fill Form" library="utilities">
<arguments>
<arg>${restaurant.add_menu_item.form}</arg>
<arg>${restaurant.add_menu_item.form.choices}</arg>
<arg>${name}</arg>
<arg>${price}</arg>
<arg>${ingredients}</arg>
</arguments>
<kw name="Wait Until Element Is Visible" library="SeleniumLibrary">
<doc>Waits until the element ``locator`` is visible.</doc>
<arguments>
<arg>${form_fields}[-1]</arg>
</arguments>
<status status="PASS" starttime="20200618 16:59:38.772" endtime="20200618 16:59:38.789"></status>
</kw>
<kw name="Get Length" library="BuiltIn">
<doc>Returns and logs the length of the given item as an integer.</doc>
<arguments>
<arg>${form_fields}</arg>
</arguments>
<assign>
<var>${length}</var>
</assign>
<msg timestamp="20200618 16:59:38.790" level="INFO">Length is 3</msg>
<msg timestamp="20200618 16:59:38.790" level="INFO">${length} = 3</msg>
<status status="PASS" starttime="20200618 16:59:38.790" endtime="20200618 16:59:38.790"></status>
</kw>
<kw name="${INDEX} IN RANGE [ 0 | ${length} ]" type="for">
<kw name="${INDEX} = 0" type="foritem">
<kw name="Run Keyword If" library="BuiltIn">
<doc>Runs the given keyword with the given arguments, if ``condition`` is true.</doc>
<arguments>
<arg>'${form_fields_choice_types[${INDEX}]}' == 'single'</arg>
<arg>Input Text</arg>
<arg>${form_fields[${INDEX}]}</arg>
<arg>${args}[${INDEX}]</arg>
</arguments>
<kw name="Input Text" library="SeleniumLibrary">
<doc>Types the given ``text`` into the text field identified by ``locator``.</doc>
<arguments>
<arg>${form_fields[${INDEX}]}</arg>
<arg>${args}[${INDEX}]</arg>
</arguments>
<msg timestamp="20200618 16:59:38.791" level="INFO">Typing text 'ryma's adobo' into text field 'id=id_name'.</msg>
<status status="PASS" starttime="20200618 16:59:38.791" endtime="20200618 16:59:38.883"></status>
</kw>
<status status="PASS" starttime="20200618 16:59:38.790" endtime="20200618 16:59:38.883"></status>
</kw>
<kw name="Run Keyword If" library="BuiltIn">
<doc>Runs the given keyword with the given arguments, if ``condition`` is true.</doc>
<arguments>
<arg>'${form_fields_choice_types[${INDEX}]}' == 'multiple'</arg>
<arg>Select Contents</arg>
<arg>${form_fields[${INDEX}]}</arg>
<arg>${args}[${INDEX}]</arg>
</arguments>
<status status="PASS" starttime="20200618 16:59:38.883" endtime="20200618 16:59:38.883"></status>
</kw>
<status status="PASS" starttime="20200618 16:59:38.790" endtime="20200618 16:59:38.883"></status>
</kw>
<kw name="${INDEX} = 1" type="foritem">
<kw name="Run Keyword If" library="BuiltIn">
<doc>Runs the given keyword with the given arguments, if ``condition`` is true.</doc>
<arguments>
<arg>'${form_fields_choice_types[${INDEX}]}' == 'single'</arg>
<arg>Input Text</arg>
<arg>${form_fields[${INDEX}]}</arg>
<arg>${args}[${INDEX}]</arg>
</arguments>
<kw name="Input Text" library="SeleniumLibrary">
<doc>Types the given ``text`` into the text field identified by ``locator``.</doc>
<arguments>
<arg>${form_fields[${INDEX}]}</arg>
<arg>${args}[${INDEX}]</arg>
</arguments>
<msg timestamp="20200618 16:59:38.885" level="INFO">Typing text '12.0' into text field 'id=id_price'.</msg>
<status status="PASS" starttime="20200618 16:59:38.885" endtime="20200618 16:59:38.957"></status>
</kw>
<status status="PASS" starttime="20200618 16:59:38.884" endtime="20200618 16:59:38.957"></status>
</kw>
<kw name="Run Keyword If" library="BuiltIn">
<doc>Runs the given keyword with the given arguments, if ``condition`` is true.</doc>
<arguments>
<arg>'${form_fields_choice_types[${INDEX}]}' == 'multiple'</arg>
<arg>Select Contents</arg>
<arg>${form_fields[${INDEX}]}</arg>
<arg>${args}[${INDEX}]</arg>
</arguments>
<status status="PASS" starttime="20200618 16:59:38.957" endtime="20200618 16:59:38.958"></status>
</kw>
<status status="PASS" starttime="20200618 16:59:38.884" endtime="20200618 16:59:38.958"></status>
</kw>
<kw name="${INDEX} = 2" type="foritem">
<kw name="Run Keyword If" library="BuiltIn">
<doc>Runs the given keyword with the given arguments, if ``condition`` is true.</doc>
<arguments>
<arg>'${form_fields_choice_types[${INDEX}]}' == 'single'</arg>
<arg>Input Text</arg>
<arg>${form_fields[${INDEX}]}</arg>
<arg>${args}[${INDEX}]</arg>
</arguments>
<status status="PASS" starttime="20200618 16:59:38.958" endtime="20200618 16:59:38.958"></status>
</kw>
<kw name="Run Keyword If" library="BuiltIn">
<doc>Runs the given keyword with the given arguments, if ``condition`` is true.</doc>
<arguments>
<arg>'${form_fields_choice_types[${INDEX}]}' == 'multiple'</arg>
<arg>Select Contents</arg>
<arg>${form_fields[${INDEX}]}</arg>
<arg>${args}[${INDEX}]</arg>
</arguments>
<kw name="Select Contents" library="utilities">
<arguments>
<arg>${form_fields[${INDEX}]}</arg>
<arg>${args}[${INDEX}]</arg>
</arguments>
<kw name="Select From List By Label" library="SeleniumLibrary">
<doc>Selects options from selection list ``locator`` by ``labels``.</doc>
<arguments>
<arg>${locator}</arg>
<arg>@{labels}</arg>
</arguments>
<msg timestamp="20200618 16:59:38.960" level="INFO">Selecting options from selection list 'id=id_ingredients' by labels lychee 1.0 kg, green peas 0.3 kg.</msg>
<status status="PASS" starttime="20200618 16:59:38.960" endtime="20200618 16:59:39.058"></status>
</kw>
<status status="PASS" starttime="20200618 16:59:38.959" endtime="20200618 16:59:39.058"></status>
</kw>
<status status="PASS" starttime="20200618 16:59:38.959" endtime="20200618 16:59:39.058"></status>
</kw>
<status status="PASS" starttime="20200618 16:59:38.958" endtime="20200618 16:59:39.058"></status>
</kw>
<status status="PASS" starttime="20200618 16:59:38.790" endtime="20200618 16:59:39.058"></status>
</kw>
<status status="PASS" starttime="20200618 16:59:38.771" endtime="20200618 16:59:39.058"></status>
</kw>
<kw name="Click Element" library="SeleniumLibrary">
<doc>Click the element identified by ``locator``.</doc>
<arguments>
<arg>${restaurant.add_menu_item.add}</arg>
</arguments>
<msg timestamp="20200618 16:59:39.058" level="INFO">Clicking element 'css=button.btn.btn-outline-info'.</msg>
<status status="PASS" starttime="20200618 16:59:39.058" endtime="20200618 16:59:39.348"></status>
</kw>
<status status="PASS" starttime="20200618 16:59:38.281" endtime="20200618 16:59:39.348"></status>
</kw>
<kw name="Page Should Contain Texts" library="utilities">
<arguments>
<arg>Menu item with this Name already exists.</arg>
</arguments>
<kw name="${ELEMENT} IN [ @{args} ]" type="for">
<kw name="${ELEMENT} = Menu item with this Name already exists." type="foritem">
<kw name="Page Should Contain" library="SeleniumLibrary">
<doc>Verifies that current page contains ``text``.</doc>
<arguments>
<arg>${ELEMENT}</arg>
</arguments>
<msg timestamp="20200618 16:59:39.368" level="INFO">Current page contains text 'Menu item with this Name already exists.'.</msg>
<status status="PASS" starttime="20200618 16:59:39.351" endtime="20200618 16:59:39.368"></status>
</kw>
<status status="PASS" starttime="20200618 16:59:39.350" endtime="20200618 16:59:39.368"></status>
</kw>
<status status="PASS" starttime="20200618 16:59:39.350" endtime="20200618 16:59:39.368"></status>
</kw>
<status status="PASS" starttime="20200618 16:59:39.349" endtime="20200618 16:59:39.368"></status>
</kw>
<kw name="Delete Menu Item" library="restaurant">
<kw name="Click Element" library="SeleniumLibrary">
<doc>Click the element identified by ``locator``.</doc>
<arguments>
<arg>${restaurant.login.menu_items}</arg>
</arguments>
<msg timestamp="20200618 16:59:39.369" level="INFO">Clicking element 'css=a[href='/menuitems/']'.</msg>
<status status="PASS" starttime="20200618 16:59:39.369" endtime="20200618 16:59:39.549"></status>
</kw>
<kw name="Wait Until Element Is Visible" library="SeleniumLibrary">
<doc>Waits until the element ``locator`` is visible.</doc>
<arguments>
<arg>partial link:${menu_item}</arg>
</arguments>
<status status="PASS" starttime="20200618 16:59:39.550" endtime="20200618 16:59:39.581"></status>
</kw>
<kw name="Click Element" library="SeleniumLibrary">
<doc>Click the element identified by ``locator``.</doc>
<arguments>
<arg>partial link:${menu_item}</arg>
</arguments>
<msg timestamp="20200618 16:59:39.581" level="INFO">Clicking element 'partial link:ryma's adobo'.</msg>
<status status="PASS" starttime="20200618 16:59:39.581" endtime="20200618 16:59:39.731"></status>
</kw>
<kw name="Click Element" library="SeleniumLibrary">
<doc>Click the element identified by ``locator``.</doc>
<arguments>
<arg>${restaurant.menu_item_detail.delete}</arg>
</arguments>
<msg timestamp="20200618 16:59:39.732" level="INFO">Clicking element 'css=a.btn.btn-danger'.</msg>
<status status="PASS" starttime="20200618 16:59:39.731" endtime="20200618 16:59:39.930"></status>
</kw>
<kw name="Click Element" library="SeleniumLibrary">
<doc>Click the element identified by ``locator``.</doc>
<arguments>
<arg>${restaurant.confirm_delete.yes}</arg>
</arguments>
<msg timestamp="20200618 16:59:39.931" level="INFO">Clicking element 'css=button.btn.btn-outline-danger'.</msg>
<status status="PASS" starttime="20200618 16:59:39.930" endtime="20200618 16:59:40.249"></status>
</kw>
<status status="PASS" starttime="20200618 16:59:39.369" endtime="20200618 16:59:40.249"></status>
</kw>
<kw name="Basic Teardown" library="utilities" type="teardown">
<kw name="Close Browser" library="SeleniumLibrary">
<doc>Closes the current browser.</doc>
<status status="PASS" starttime="20200618 16:59:40.250" endtime="20200618 16:59:43.857"></status>
</kw>
<status status="PASS" starttime="20200618 16:59:40.250" endtime="20200618 16:59:43.858"></status>
</kw>
<status status="PASS" starttime="20200618 16:59:32.282" endtime="20200618 16:59:43.860" critical="yes"></status>
</test>
<test id="s1-t3" name="Successful Delete MenuItem">
<kw name="Setup With Login" library="restaurant" type="setup">
<kw name="Basic Setup" library="utilities">
<kw name="Open Browser" library="SeleniumLibrary">
<doc>Opens a new browser instance to the optional ``url``.</doc>
<arguments>
<arg>browser=${browser}</arg>
<arg>alias=browser1</arg>
</arguments>
<msg timestamp="20200618 16:59:43.872" level="INFO">Opening browser 'chrome' to base url 'None'.</msg>
<status status="PASS" starttime="20200618 16:59:43.871" endtime="20200618 16:59:47.032"></status>
</kw>
<status status="PASS" starttime="20200618 16:59:43.869" endtime="20200618 16:59:47.033"></status>
</kw>
<kw name="Login" library="restaurant">
<kw name="Go To Page" library="utilities">
<arguments>
<arg>restaurant.login</arg>
</arguments>
<kw name="Split String" library="String">
<doc>Splits the ``string`` using ``separator`` as a delimiter string.</doc>
<arguments>
<arg>${page}</arg>
<arg>separator=.</arg>
</arguments>
<assign>
<var>@{words}</var>
</assign>
<msg timestamp="20200618 16:59:47.038" level="INFO">@{words} = [ restaurant | login ]</msg>
<status status="PASS" starttime="20200618 16:59:47.036" endtime="20200618 16:59:47.038"></status>
</kw>
<kw name="Strip String" library="String">
<doc>Remove leading and/or trailing whitespaces from the given string.</doc>
<arguments>
<arg>${${words}[0].host}</arg>
</arguments>
<assign>
<var>${host}</var>
</assign>
<msg timestamp="20200618 16:59:47.040" level="INFO">${host} = http://13.211.202.236:8000</msg>
<status status="PASS" starttime="20200618 16:59:47.039" endtime="20200618 16:59:47.040"></status>
</kw>
<kw name="Set Variable" library="BuiltIn">
<doc>Returns the given values which can then be assigned to a variables.</doc>
<arguments>
<arg>${${page}.page_url}</arg>
</arguments>
<assign>
<var>${url}</var>
</assign>
<msg timestamp="20200618 16:59:47.042" level="INFO">${url} = /login/</msg>
<status status="PASS" starttime="20200618 16:59:47.041" endtime="20200618 16:59:47.042"></status>
</kw>
<kw name="Go To" library="SeleniumLibrary">
<doc>Navigates the current browser window to the provided ``url``.</doc>
<arguments>
<arg>${host}${url}</arg>
</arguments>
<msg timestamp="20200618 16:59:47.043" level="INFO">Opening url 'http://13.211.202.236:8000/login/'</msg>
<status status="PASS" starttime="20200618 16:59:47.042" endtime="20200618 16:59:48.006"></status>
</kw>
<kw name="Wait Until Page Contains" library="SeleniumLibrary">
<doc>Waits until ``text`` appears on the current page.</doc>
<arguments>
<arg>${${page}.page_loaded_text}</arg>
</arguments>
<status status="PASS" starttime="20200618 16:59:48.006" endtime="20200618 16:59:48.019"></status>
</kw>
<status status="PASS" starttime="20200618 16:59:47.035" endtime="20200618 16:59:48.019"></status>
</kw>
<kw name="Fill Form" library="utilities">
<arguments>
<arg>${restaurant.login.login_form}</arg>
<arg>${restaurant.login.login_form.choices}</arg>
<arg>${username}</arg>
<arg>${password}</arg>
</arguments>
<kw name="Wait Until Element Is Visible" library="SeleniumLibrary">
<doc>Waits until the element ``locator`` is visible.</doc>
<arguments>
<arg>${form_fields}[-1]</arg>
</arguments>
<status status="PASS" starttime="20200618 16:59:48.020" endtime="20200618 16:59:48.045"></status>
</kw>
<kw name="Get Length" library="BuiltIn">
<doc>Returns and logs the length of the given item as an integer.</doc>
<arguments>
<arg>${form_fields}</arg>
</arguments>
<assign>
<var>${length}</var>
</assign>
<msg timestamp="20200618 16:59:48.045" level="INFO">Length is 2</msg>
<msg timestamp="20200618 16:59:48.046" level="INFO">${length} = 2</msg>
<status status="PASS" starttime="20200618 16:59:48.045" endtime="20200618 16:59:48.046"></status>
</kw>
<kw name="${INDEX} IN RANGE [ 0 | ${length} ]" type="for">
<kw name="${INDEX} = 0" type="foritem">
<kw name="Run Keyword If" library="BuiltIn">
<doc>Runs the given keyword with the given arguments, if ``condition`` is true.</doc>
<arguments>
<arg>'${form_fields_choice_types[${INDEX}]}' == 'single'</arg>
<arg>Input Text</arg>
<arg>${form_fields[${INDEX}]}</arg>
<arg>${args}[${INDEX}]</arg>
</arguments>
<kw name="Input Text" library="SeleniumLibrary">
<doc>Types the given ``text`` into the text field identified by ``locator``.</doc>
<arguments>
<arg>${form_fields[${INDEX}]}</arg>
<arg>${args}[${INDEX}]</arg>
</arguments>
<msg timestamp="20200618 16:59:48.047" level="INFO">Typing text 'admin' into text field 'id=id_username'.</msg>
<status status="PASS" starttime="20200618 16:59:48.046" endtime="20200618 16:59:48.131"></status>
</kw>
<status status="PASS" starttime="20200618 16:59:48.046" endtime="20200618 16:59:48.132"></status>
</kw>
<kw name="Run Keyword If" library="BuiltIn">
<doc>Runs the given keyword with the given arguments, if ``condition`` is true.</doc>
<arguments>
<arg>'${form_fields_choice_types[${INDEX}]}' == 'multiple'</arg>
<arg>Select Contents</arg>
<arg>${form_fields[${INDEX}]}</arg>
<arg>${args}[${INDEX}]</arg>
</arguments>
<status status="PASS" starttime="20200618 16:59:48.132" endtime="20200618 16:59:48.132"></status>
</kw>
<status status="PASS" starttime="20200618 16:59:48.046" endtime="20200618 16:59:48.132"></status>
</kw>
<kw name="${INDEX} = 1" type="foritem">
<kw name="Run Keyword If" library="BuiltIn">
<doc>Runs the given keyword with the given arguments, if ``condition`` is true.</doc>
<arguments>
<arg>'${form_fields_choice_types[${INDEX}]}' == 'single'</arg>
<arg>Input Text</arg>
<arg>${form_fields[${INDEX}]}</arg>
<arg>${args}[${INDEX}]</arg>
</arguments>
<kw name="Input Text" library="SeleniumLibrary">
<doc>Types the given ``text`` into the text field identified by ``locator``.</doc>
<arguments>
<arg>${form_fields[${INDEX}]}</arg>
<arg>${args}[${INDEX}]</arg>
</arguments>
<msg timestamp="20200618 16:59:48.134" level="INFO">Typing text 'admin' into text field 'id=id_password'.</msg>
<status status="PASS" starttime="20200618 16:59:48.133" endtime="20200618 16:59:48.214"></status>
</kw>
<status status="PASS" starttime="20200618 16:59:48.132" endtime="20200618 16:59:48.214"></status>
</kw>
<kw name="Run Keyword If" library="BuiltIn">
<doc>Runs the given keyword with the given arguments, if ``condition`` is true.</doc>
<arguments>
<arg>'${form_fields_choice_types[${INDEX}]}' == 'multiple'</arg>
<arg>Select Contents</arg>
<arg>${form_fields[${INDEX}]}</arg>
<arg>${args}[${INDEX}]</arg>
</arguments>
<status status="PASS" starttime="20200618 16:59:48.214" endtime="20200618 16:59:48.215"></status>
</kw>
<status status="PASS" starttime="20200618 16:59:48.132" endtime="20200618 16:59:48.215"></status>
</kw>
<status status="PASS" starttime="20200618 16:59:48.046" endtime="20200618 16:59:48.215"></status>
</kw>
<status status="PASS" starttime="20200618 16:59:48.020" endtime="20200618 16:59:48.215"></status>
</kw>
<kw name="Click Element" library="SeleniumLibrary">
<doc>Click the element identified by ``locator``.</doc>
<arguments>
<arg>${restaurant.login.login_2}</arg>
</arguments>
<msg timestamp="20200618 16:59:48.215" level="INFO">Clicking element 'css=button.btn.btn-outline-info'.</msg>
<status status="PASS" starttime="20200618 16:59:48.215" endtime="20200618 16:59:48.890"></status>
</kw>
<status status="PASS" starttime="20200618 16:59:47.033" endtime="20200618 16:59:48.891"></status>
</kw>
<status status="PASS" starttime="20200618 16:59:43.868" endtime="20200618 16:59:48.891"></status>
</kw>
<kw name="Add Menu Item" library="restaurant">
<kw name="Click Element" library="SeleniumLibrary">
<doc>Click the element identified by ``locator``.</doc>
<arguments>
<arg>${restaurant.login.menu_items}</arg>
</arguments>
<msg timestamp="20200618 16:59:48.893" level="INFO">Clicking element 'css=a[href='/menuitems/']'.</msg>
<status status="PASS" starttime="20200618 16:59:48.893" endtime="20200618 16:59:49.066"></status>
</kw>
<kw name="Click Element" library="SeleniumLibrary">
<doc>Click the element identified by ``locator``.</doc>
<arguments>
<arg>${restaurant.menu_items.add_menuitem}</arg>
</arguments>
<msg timestamp="20200618 16:59:49.066" level="INFO">Clicking element 'css=a.nav-bar.nav'.</msg>
<status status="PASS" starttime="20200618 16:59:49.066" endtime="20200618 16:59:49.293"></status>
</kw>
<kw name="Fill Form" library="utilities">
<arguments>
<arg>${restaurant.add_menu_item.form}</arg>
<arg>${restaurant.add_menu_item.form.choices}</arg>
<arg>${name}</arg>
<arg>${price}</arg>
<arg>${ingredients}</arg>
</arguments>
<kw name="Wait Until Element Is Visible" library="SeleniumLibrary">
<doc>Waits until the element ``locator`` is visible.</doc>
<arguments>
<arg>${form_fields}[-1]</arg>
</arguments>
<status status="PASS" starttime="20200618 16:59:49.295" endtime="20200618 16:59:49.322"></status>
</kw>
<kw name="Get Length" library="BuiltIn">
<doc>Returns and logs the length of the given item as an integer.</doc>
<arguments>
<arg>${form_fields}</arg>
</arguments>
<assign>
<var>${length}</var>
</assign>
<msg timestamp="20200618 16:59:49.322" level="INFO">Length is 3</msg>
<msg timestamp="20200618 16:59:49.323" level="INFO">${length} = 3</msg>
<status status="PASS" starttime="20200618 16:59:49.322" endtime="20200618 16:59:49.323"></status>
</kw>
<kw name="${INDEX} IN RANGE [ 0 | ${length} ]" type="for">
<kw name="${INDEX} = 0" type="foritem">
<kw name="Run Keyword If" library="BuiltIn">
<doc>Runs the given keyword with the given arguments, if ``condition`` is true.</doc>
<arguments>
<arg>'${form_fields_choice_types[${INDEX}]}' == 'single'</arg>
<arg>Input Text</arg>
<arg>${form_fields[${INDEX}]}</arg>
<arg>${args}[${INDEX}]</arg>
</arguments>
<kw name="Input Text" library="SeleniumLibrary">
<doc>Types the given ``text`` into the text field identified by ``locator``.</doc>
<arguments>
<arg>${form_fields[${INDEX}]}</arg>
<arg>${args}[${INDEX}]</arg>
</arguments>
<msg timestamp="20200618 16:59:49.324" level="INFO">Typing text 'ryma's adobo' into text field 'id=id_name'.</msg>
<status status="PASS" starttime="20200618 16:59:49.323" endtime="20200618 16:59:49.442"></status>
</kw>
<status status="PASS" starttime="20200618 16:59:49.323" endtime="20200618 16:59:49.442"></status>
</kw>
<kw name="Run Keyword If" library="BuiltIn">
<doc>Runs the given keyword with the given arguments, if ``condition`` is true.</doc>
<arguments>
<arg>'${form_fields_choice_types[${INDEX}]}' == 'multiple'</arg>
<arg>Select Contents</arg>
<arg>${form_fields[${INDEX}]}</arg>
<arg>${args}[${INDEX}]</arg>
</arguments>
<status status="PASS" starttime="20200618 16:59:49.442" endtime="20200618 16:59:49.443"></status>
</kw>
<status status="PASS" starttime="20200618 16:59:49.323" endtime="20200618 16:59:49.443"></status>
</kw>
<kw name="${INDEX} = 1" type="foritem">
<kw name="Run Keyword If" library="BuiltIn">
<doc>Runs the given keyword with the given arguments, if ``condition`` is true.</doc>
<arguments>
<arg>'${form_fields_choice_types[${INDEX}]}' == 'single'</arg>
<arg>Input Text</arg>
<arg>${form_fields[${INDEX}]}</arg>
<arg>${args}[${INDEX}]</arg>
</arguments>
<kw name="Input Text" library="SeleniumLibrary">
<doc>Types the given ``text`` into the text field identified by ``locator``.</doc>
<arguments>
<arg>${form_fields[${INDEX}]}</arg>
<arg>${args}[${INDEX}]</arg>
</arguments>
<msg timestamp="20200618 16:59:49.444" level="INFO">Typing text '12.0' into text field 'id=id_price'.</msg>
<status status="PASS" starttime="20200618 16:59:49.444" endtime="20200618 16:59:49.521"></status>
</kw>
<status status="PASS" starttime="20200618 16:59:49.443" endtime="20200618 16:59:49.521"></status>
</kw>
<kw name="Run Keyword If" library="BuiltIn">
<doc>Runs the given keyword with the given arguments, if ``condition`` is true.</doc>
<arguments>
<arg>'${form_fields_choice_types[${INDEX}]}' == 'multiple'</arg>
<arg>Select Contents</arg>
<arg>${form_fields[${INDEX}]}</arg>
<arg>${args}[${INDEX}]</arg>
</arguments>
<status status="PASS" starttime="20200618 16:59:49.521" endtime="20200618 16:59:49.522"></status>
</kw>
<status status="PASS" starttime="20200618 16:59:49.443" endtime="20200618 16:59:49.522"></status>
</kw>
<kw name="${INDEX} = 2" type="foritem">
<kw name="Run Keyword If" library="BuiltIn">
<doc>Runs the given keyword with the given arguments, if ``condition`` is true.</doc>
<arguments>
<arg>'${form_fields_choice_types[${INDEX}]}' == 'single'</arg>
<arg>Input Text</arg>
<arg>${form_fields[${INDEX}]}</arg>
<arg>${args}[${INDEX}]</arg>
</arguments>
<status status="PASS" starttime="20200618 16:59:49.522" endtime="20200618 16:59:49.522"></status>
</kw>
<kw name="Run Keyword If" library="BuiltIn">
<doc>Runs the given keyword with the given arguments, if ``condition`` is true.</doc>
<arguments>
<arg>'${form_fields_choice_types[${INDEX}]}' == 'multiple'</arg>
<arg>Select Contents</arg>
<arg>${form_fields[${INDEX}]}</arg>
<arg>${args}[${INDEX}]</arg>
</arguments>
<kw name="Select Contents" library="utilities">
<arguments>
<arg>${form_fields[${INDEX}]}</arg>
<arg>${args}[${INDEX}]</arg>
</arguments>
<kw name="Select From List By Label" library="SeleniumLibrary">
<doc>Selects options from selection list ``locator`` by ``labels``.</doc>
<arguments>
<arg>${locator}</arg>
<arg>@{labels}</arg>
</arguments>
<msg timestamp="20200618 16:59:49.524" level="INFO">Selecting options from selection list 'id=id_ingredients' by labels lychee 1.0 kg, green peas 0.3 kg.</msg>
<status status="PASS" starttime="20200618 16:59:49.523" endtime="20200618 16:59:49.629"></status>
</kw>
<status status="PASS" starttime="20200618 16:59:49.523" endtime="20200618 16:59:49.629"></status>
</kw>
<status status="PASS" starttime="20200618 16:59:49.522" endtime="20200618 16:59:49.629"></status>
</kw>
<status status="PASS" starttime="20200618 16:59:49.522" endtime="20200618 16:59:49.629"></status>
</kw>
<status status="PASS" starttime="20200618 16:59:49.323" endtime="20200618 16:59:49.629"></status>
</kw>
<status status="PASS" starttime="20200618 16:59:49.293" endtime="20200618 16:59:49.629"></status>
</kw>
<kw name="Click Element" library="SeleniumLibrary">
<doc>Click the element identified by ``locator``.</doc>
<arguments>
<arg>${restaurant.add_menu_item.add}</arg>
</arguments>
<msg timestamp="20200618 16:59:49.630" level="INFO">Clicking element 'css=button.btn.btn-outline-info'.</msg>
<status status="PASS" starttime="20200618 16:59:49.630" endtime="20200618 16:59:49.925"></status>
</kw>
<status status="PASS" starttime="20200618 16:59:48.892" endtime="20200618 16:59:49.926"></status>
</kw>
<kw name="Delete Menu Item" library="restaurant">
<kw name="Click Element" library="SeleniumLibrary">
<doc>Click the element identified by ``locator``.</doc>
<arguments>
<arg>${restaurant.login.menu_items}</arg>
</arguments>
<msg timestamp="20200618 16:59:49.928" level="INFO">Clicking element 'css=a[href='/menuitems/']'.</msg>
<status status="PASS" starttime="20200618 16:59:49.928" endtime="20200618 16:59:50.159"></status>
</kw>
<kw name="Wait Until Element Is Visible" library="SeleniumLibrary">
<doc>Waits until the element ``locator`` is visible.</doc>
<arguments>
<arg>partial link:${menu_item}</arg>
</arguments>
<status status="PASS" starttime="20200618 16:59:50.160" endtime="20200618 16:59:50.209"></status>
</kw>
<kw name="Click Element" library="SeleniumLibrary">
<doc>Click the element identified by ``locator``.</doc>
<arguments>
<arg>partial link:${menu_item}</arg>
</arguments>
<msg timestamp="20200618 16:59:50.209" level="INFO">Clicking element 'partial link:ryma's adobo'.</msg>
<status status="PASS" starttime="20200618 16:59:50.209" endtime="20200618 16:59:50.371"></status>
</kw>
<kw name="Click Element" library="SeleniumLibrary">
<doc>Click the element identified by ``locator``.</doc>
<arguments>
<arg>${restaurant.menu_item_detail.delete}</arg>
</arguments>
<msg timestamp="20200618 16:59:50.371" level="INFO">Clicking element 'css=a.btn.btn-danger'.</msg>
<status status="PASS" starttime="20200618 16:59:50.371" endtime="20200618 16:59:50.540"></status>
</kw>
<kw name="Click Element" library="SeleniumLibrary">
<doc>Click the element identified by ``locator``.</doc>
<arguments>
<arg>${restaurant.confirm_delete.yes}</arg>
</arguments>
<msg timestamp="20200618 16:59:50.541" level="INFO">Clicking element 'css=button.btn.btn-outline-danger'.</msg>
<status status="PASS" starttime="20200618 16:59:50.541" endtime="20200618 16:59:50.828"></status>
</kw>
<status status="PASS" starttime="20200618 16:59:49.927" endtime="20200618 16:59:50.829"></status>
</kw>
<kw name="Confirm MenuItem Not Present">
<kw name="Go To Page" library="utilities">
<arguments>
<arg>restaurant.login_success</arg>
</arguments>
<kw name="Split String" library="String">
<doc>Splits the ``string`` using ``separator`` as a delimiter string.</doc>
<arguments>
<arg>${page}</arg>
<arg>separator=.</arg>
</arguments>
<assign>
<var>@{words}</var>
</assign>
<msg timestamp="20200618 16:59:50.831" level="INFO">@{words} = [ restaurant | login_success ]</msg>
<status status="PASS" starttime="20200618 16:59:50.831" endtime="20200618 16:59:50.831"></status>
</kw>
<kw name="Strip String" library="String">
<doc>Remove leading and/or trailing whitespaces from the given string.</doc>
<arguments>
<arg>${${words}[0].host}</arg>
</arguments>
<assign>
<var>${host}</var>
</assign>
<msg timestamp="20200618 16:59:50.831" level="INFO">${host} = http://13.211.202.236:8000</msg>
<status status="PASS" starttime="20200618 16:59:50.831" endtime="20200618 16:59:50.831"></status>
</kw>
<kw name="Set Variable" library="BuiltIn">
<doc>Returns the given values which can then be assigned to a variables.</doc>
<arguments>
<arg>${${page}.page_url}</arg>
</arguments>
<assign>
<var>${url}</var>
</assign>
<msg timestamp="20200618 16:59:50.832" level="INFO">${url} = /</msg>
<status status="PASS" starttime="20200618 16:59:50.832" endtime="20200618 16:59:50.832"></status>
</kw>
<kw name="Go To" library="SeleniumLibrary">
<doc>Navigates the current browser window to the provided ``url``.</doc>
<arguments>
<arg>${host}${url}</arg>
</arguments>
<msg timestamp="20200618 16:59:50.832" level="INFO">Opening url 'http://13.211.202.236:8000/'</msg>
<status status="PASS" starttime="20200618 16:59:50.832" endtime="20200618 16:59:50.933"></status>
</kw>
<kw name="Wait Until Page Contains" library="SeleniumLibrary">
<doc>Waits until ``text`` appears on the current page.</doc>
<arguments>
<arg>${${page}.page_loaded_text}</arg>
</arguments>
<status status="PASS" starttime="20200618 16:59:50.933" endtime="20200618 16:59:50.944"></status>
</kw>
<status status="PASS" starttime="20200618 16:59:50.830" endtime="20200618 16:59:50.944"></status>
</kw>
<kw name="Click Element" library="SeleniumLibrary">
<doc>Click the element identified by ``locator``.</doc>
<arguments>
<arg>${restaurant.login_success.menu_items}</arg>
</arguments>
<msg timestamp="20200618 16:59:50.945" level="INFO">Clicking element 'css=a[href='/menuitems/']'.</msg>
<status status="PASS" starttime="20200618 16:59:50.945" endtime="20200618 16:59:52.034"></status>
</kw>
<kw name="Page Should Not Contain" library="SeleniumLibrary">
<doc>Verifies the current page does not contain ``text``.</doc>
<arguments>
<arg>${restaurant.menu_item.name}</arg>
</arguments>
<msg timestamp="20200618 16:59:52.059" level="INFO">Current page does not contain text 'ryma's adobo'.</msg>
<status status="PASS" starttime="20200618 16:59:52.034" endtime="20200618 16:59:52.060"></status>
</kw>
<status status="PASS" starttime="20200618 16:59:50.829" endtime="20200618 16:59:52.060"></status>
</kw>
<kw name="Basic Teardown" library="utilities" type="teardown">
<kw name="Close Browser" library="SeleniumLibrary">
<doc>Closes the current browser.</doc>
<status status="PASS" starttime="20200618 16:59:52.061" endtime="20200618 16:59:54.126"></status>
</kw>
<status status="PASS" starttime="20200618 16:59:52.060" endtime="20200618 16:59:54.126"></status>
</kw>
<status status="PASS" starttime="20200618 16:59:43.865" endtime="20200618 16:59:54.128" critical="yes"></status>
</test>
<status status="PASS" starttime="20200618 16:59:18.272" endtime="20200618 16:59:54.136"></status>
</suite>
<statistics>
<total>
<stat pass="3" fail="0">Critical Tests</stat>
<stat pass="3" fail="0">All Tests</stat>
</total>
<tag>
</tag>
<suite>
<stat pass="3" fail="0" id="s1" name="Menu Item Test">Menu Item Test</stat>
</suite>
</statistics>
<errors>
</errors>
</robot>
